2026-03-03 23:38:07,999 - /root/tianchi-news-recommendation/code/rank_feature.py[line:33] - INFO: 排序特征，mode: valid
2026-03-03 23:38:08,348 - /root/tianchi-news-recommendation/code/rank_feature.py[line:202] - DEBUG: df_feature.shape: (12583689, 4)
2026-03-03 23:38:10,057 - /root/tianchi-news-recommendation/code/rank_feature.py[line:211] - DEBUG: df_article.head():    article_id  category_id  created_at_ts  words_count
0           0            0     1513144419          168
1           1            1     1405341936          189
2           2            1     1408667706          250
3           3            1     1408468313          230
4           4            1     1407071171          162
2026-03-03 23:38:10,058 - /root/tianchi-news-recommendation/code/rank_feature.py[line:212] - DEBUG: df_feature.shape: (12583689, 8)
2026-03-03 23:38:10,058 - /root/tianchi-news-recommendation/code/rank_feature.py[line:213] - DEBUG: df_feature.columns: ['user_id', 'article_id', 'label', 'sim_score', 'category_id', 'created_at_ts', 'words_count', 'created_at_datetime']
2026-03-03 23:38:12,898 - /root/tianchi-news-recommendation/code/rank_feature.py[line:233] - DEBUG: df_feature.shape: (12583689, 9)
2026-03-03 23:38:12,898 - /root/tianchi-news-recommendation/code/rank_feature.py[line:234] - DEBUG: df_feature.columns: ['user_id', 'article_id', 'label', 'sim_score', 'category_id', 'created_at_ts', 'words_count', 'created_at_datetime', 'user_id_click_article_created_at_ts_diff_mean']
2026-03-03 23:38:13,206 - /root/tianchi-news-recommendation/code/rank_feature.py[line:243] - DEBUG: df_feature.shape: (12583689, 10)
2026-03-03 23:38:13,206 - /root/tianchi-news-recommendation/code/rank_feature.py[line:244] - DEBUG: df_feature.columns: ['user_id', 'article_id', 'label', 'sim_score', 'category_id', 'created_at_ts', 'words_count', 'created_at_datetime', 'user_id_click_article_created_at_ts_diff_mean', 'user_id_click_diff_mean']
2026-03-03 23:38:13,470 - /root/tianchi-news-recommendation/code/rank_feature.py[line:253] - DEBUG: df_feature.shape: (12583689, 12)
2026-03-03 23:38:13,470 - /root/tianchi-news-recommendation/code/rank_feature.py[line:254] - DEBUG: df_feature.columns: ['user_id', 'article_id', 'label', 'sim_score', 'category_id', 'created_at_ts', 'words_count', 'created_at_datetime', 'user_id_click_article_created_at_ts_diff_mean', 'user_id_click_diff_mean', 'user_click_timestamp_created_at_ts_diff_mean', 'user_click_timestamp_created_at_ts_diff_std']
2026-03-03 23:38:13,718 - /root/tianchi-news-recommendation/code/rank_feature.py[line:262] - DEBUG: df_feature.shape: (12583689, 13)
2026-03-03 23:38:13,718 - /root/tianchi-news-recommendation/code/rank_feature.py[line:263] - DEBUG: df_feature.columns: ['user_id', 'article_id', 'label', 'sim_score', 'category_id', 'created_at_ts', 'words_count', 'created_at_datetime', 'user_id_click_article_created_at_ts_diff_mean', 'user_id_click_diff_mean', 'user_click_timestamp_created_at_ts_diff_mean', 'user_click_timestamp_created_at_ts_diff_std', 'user_click_datetime_hour_std']
2026-03-03 23:38:21,312 - /root/tianchi-news-recommendation/code/rank_feature.py[line:272] - DEBUG: df_feature.shape: (12583689, 15)
2026-03-03 23:38:21,312 - /root/tianchi-news-recommendation/code/rank_feature.py[line:273] - DEBUG: df_feature.columns: ['user_id', 'article_id', 'label', 'sim_score', 'category_id', 'created_at_ts', 'words_count', 'created_at_datetime', 'user_id_click_article_created_at_ts_diff_mean', 'user_id_click_diff_mean', 'user_click_timestamp_created_at_ts_diff_mean', 'user_click_timestamp_created_at_ts_diff_std', 'user_click_datetime_hour_std', 'user_clicked_article_words_count_mean', 'user_click_last_article_words_count']
2026-03-03 23:38:28,945 - /root/tianchi-news-recommendation/code/rank_feature.py[line:282] - DEBUG: df_feature.shape: (12583689, 17)
2026-03-03 23:38:28,945 - /root/tianchi-news-recommendation/code/rank_feature.py[line:283] - DEBUG: df_feature.columns: ['user_id', 'article_id', 'label', 'sim_score', 'category_id', 'created_at_ts', 'words_count', 'created_at_datetime', 'user_id_click_article_created_at_ts_diff_mean', 'user_id_click_diff_mean', 'user_click_timestamp_created_at_ts_diff_mean', 'user_click_timestamp_created_at_ts_diff_std', 'user_click_datetime_hour_std', 'user_clicked_article_words_count_mean', 'user_click_last_article_words_count', 'user_click_last_article_created_time', 'user_clicked_article_created_time_max']
2026-03-03 23:38:36,336 - /root/tianchi-news-recommendation/code/rank_feature.py[line:292] - DEBUG: df_feature.shape: (12583689, 19)
2026-03-03 23:38:36,337 - /root/tianchi-news-recommendation/code/rank_feature.py[line:293] - DEBUG: df_feature.columns: ['user_id', 'article_id', 'label', 'sim_score', 'category_id', 'created_at_ts', 'words_count', 'created_at_datetime', 'user_id_click_article_created_at_ts_diff_mean', 'user_id_click_diff_mean', 'user_click_timestamp_created_at_ts_diff_mean', 'user_click_timestamp_created_at_ts_diff_std', 'user_click_datetime_hour_std', 'user_clicked_article_words_count_mean', 'user_click_last_article_words_count', 'user_click_last_article_created_time', 'user_clicked_article_created_time_max', 'user_click_last_article_click_time', 'user_clicked_article_click_time_mean']
2026-03-03 23:38:36,497 - /root/tianchi-news-recommendation/code/rank_feature.py[line:299] - DEBUG: df_feature.shape: (12583689, 22)
2026-03-03 23:38:36,497 - /root/tianchi-news-recommendation/code/rank_feature.py[line:300] - DEBUG: df_feature.columns: ['user_id', 'article_id', 'label', 'sim_score', 'category_id', 'created_at_ts', 'words_count', 'created_at_datetime', 'user_id_click_article_created_at_ts_diff_mean', 'user_id_click_diff_mean', 'user_click_timestamp_created_at_ts_diff_mean', 'user_click_timestamp_created_at_ts_diff_std', 'user_click_datetime_hour_std', 'user_clicked_article_words_count_mean', 'user_click_last_article_words_count', 'user_click_last_article_created_time', 'user_clicked_article_created_time_max', 'user_click_last_article_click_time', 'user_clicked_article_click_time_mean', 'user_last_click_created_at_ts_diff', 'user_last_click_timestamp_diff', 'user_last_click_words_count_diff']
2026-03-03 23:38:40,817 - /root/tianchi-news-recommendation/code/rank_feature.py[line:309] - DEBUG: df_feature.shape: (12583689, 25)
2026-03-03 23:38:40,818 - /root/tianchi-news-recommendation/code/rank_feature.py[line:310] - DEBUG: df_feature.columns: ['user_id', 'article_id', 'label', 'sim_score', 'category_id', 'created_at_ts', 'words_count', 'created_at_datetime', 'user_id_click_article_created_at_ts_diff_mean', 'user_id_click_diff_mean', 'user_click_timestamp_created_at_ts_diff_mean', 'user_click_timestamp_created_at_ts_diff_std', 'user_click_datetime_hour_std', 'user_clicked_article_words_count_mean', 'user_click_last_article_words_count', 'user_click_last_article_created_time', 'user_clicked_article_created_time_max', 'user_click_last_article_click_time', 'user_clicked_article_click_time_mean', 'user_last_click_created_at_ts_diff', 'user_last_click_timestamp_diff', 'user_last_click_words_count_diff', 'user_id_cnt', 'article_id_cnt', 'user_id_category_id_cnt']
2026-03-03 23:38:47,054 - /root/tianchi-news-recommendation/code/rank_feature.py[line:319] - DEBUG: 用户数: 250000
2026-03-03 23:38:47,175 - /root/tianchi-news-recommendation/code/rank_feature.py[line:320] - DEBUG: df_feature中的用户数: 81740
2026-03-03 23:38:47,301 - /root/tianchi-news-recommendation/code/rank_feature.py[line:321] - DEBUG: 用户交集数: 81740
2026-03-03 23:48:37,049 - /root/tianchi-news-recommendation/code/rank_feature.py[line:340] - DEBUG: df_feature.shape: (12583689, 27)
2026-03-03 23:48:37,049 - /root/tianchi-news-recommendation/code/rank_feature.py[line:341] - DEBUG: df_feature.columns: ['user_id', 'article_id', 'label', 'sim_score', 'category_id', 'created_at_ts', 'words_count', 'created_at_datetime', 'user_id_click_article_created_at_ts_diff_mean', 'user_id_click_diff_mean', 'user_click_timestamp_created_at_ts_diff_mean', 'user_click_timestamp_created_at_ts_diff_std', 'user_click_datetime_hour_std', 'user_clicked_article_words_count_mean', 'user_click_last_article_words_count', 'user_click_last_article_created_time', 'user_clicked_article_created_time_max', 'user_click_last_article_click_time', 'user_clicked_article_click_time_mean', 'user_last_click_created_at_ts_diff', 'user_last_click_timestamp_diff', 'user_last_click_words_count_diff', 'user_id_cnt', 'article_id_cnt', 'user_id_category_id_cnt', 'user_clicked_article_itemcf_sim_sum', 'user_last_click_article_itemcf_sim']
2026-03-03 23:52:46,180 - /root/tianchi-news-recommendation/code/rank_feature.py[line:359] - DEBUG: df_feature.shape: (12583689, 28)
2026-03-03 23:52:46,181 - /root/tianchi-news-recommendation/code/rank_feature.py[line:360] - DEBUG: df_feature.columns: ['user_id', 'article_id', 'label', 'sim_score', 'category_id', 'created_at_ts', 'words_count', 'created_at_datetime', 'user_id_click_article_created_at_ts_diff_mean', 'user_id_click_diff_mean', 'user_click_timestamp_created_at_ts_diff_mean', 'user_click_timestamp_created_at_ts_diff_std', 'user_click_datetime_hour_std', 'user_clicked_article_words_count_mean', 'user_click_last_article_words_count', 'user_click_last_article_created_time', 'user_clicked_article_created_time_max', 'user_click_last_article_click_time', 'user_clicked_article_click_time_mean', 'user_last_click_created_at_ts_diff', 'user_last_click_timestamp_diff', 'user_last_click_words_count_diff', 'user_id_cnt', 'article_id_cnt', 'user_id_category_id_cnt', 'user_clicked_article_itemcf_sim_sum', 'user_last_click_article_itemcf_sim', 'user_last_click_article_binetwork_sim']
2026-03-04 00:13:55,472 - /root/tianchi-news-recommendation/code/rank_feature.py[line:379] - DEBUG: df_feature.shape: (12583689, 30)
2026-03-04 00:13:55,473 - /root/tianchi-news-recommendation/code/rank_feature.py[line:380] - DEBUG: df_feature.columns: ['user_id', 'article_id', 'label', 'sim_score', 'category_id', 'created_at_ts', 'words_count', 'created_at_datetime', 'user_id_click_article_created_at_ts_diff_mean', 'user_id_click_diff_mean', 'user_click_timestamp_created_at_ts_diff_mean', 'user_click_timestamp_created_at_ts_diff_std', 'user_click_datetime_hour_std', 'user_clicked_article_words_count_mean', 'user_click_last_article_words_count', 'user_click_last_article_created_time', 'user_clicked_article_created_time_max', 'user_click_last_article_click_time', 'user_clicked_article_click_time_mean', 'user_last_click_created_at_ts_diff', 'user_last_click_timestamp_diff', 'user_last_click_words_count_diff', 'user_id_cnt', 'article_id_cnt', 'user_id_category_id_cnt', 'user_clicked_article_itemcf_sim_sum', 'user_last_click_article_itemcf_sim', 'user_last_click_article_binetwork_sim', 'user_last_click_article_w2v_sim', 'user_click_article_w2w_sim_sum_2']
