2026-03-04 00:23:47,004 - /root/tianchi-news-recommendation/code/rank_lgb.py[line:34] - INFO: lightgbm 排序，mode: valid
2026-03-04 00:23:54,156 - /root/tianchi-news-recommendation/code/rank_lgb.py[line:87] - DEBUG: 
Fold_1 Training ================================

2026-03-04 00:37:32,976 - /root/tianchi-news-recommendation/code/rank_lgb.py[line:34] - INFO: lightgbm 排序，mode: valid
2026-03-04 00:37:40,381 - /root/tianchi-news-recommendation/code/rank_lgb.py[line:104] - DEBUG: 
Fold_1 Training ================================

2026-03-04 00:45:21,871 - /root/tianchi-news-recommendation/code/rank_lgb.py[line:104] - DEBUG: 
Fold_2 Training ================================

2026-03-04 00:54:02,973 - /root/tianchi-news-recommendation/code/rank_lgb.py[line:104] - DEBUG: 
Fold_3 Training ================================

2026-03-04 01:00:04,411 - /root/tianchi-news-recommendation/code/rank_lgb.py[line:104] - DEBUG: 
Fold_4 Training ================================

2026-03-04 01:06:58,167 - /root/tianchi-news-recommendation/code/rank_lgb.py[line:104] - DEBUG: 
Fold_5 Training ================================

2026-03-04 01:12:38,836 - /root/tianchi-news-recommendation/code/rank_lgb.py[line:149] - DEBUG: importance:                                      feature_name     importance
0                                       sim_score  559351.416828
1                  user_last_click_timestamp_diff  186942.378023
2              user_last_click_article_itemcf_sim  121700.490543
3                                  article_id_cnt   76813.557525
4             user_clicked_article_itemcf_sim_sum   72929.537108
5                 user_last_click_article_w2v_sim   67795.048860
6              user_last_click_created_at_ts_diff   50317.787233
7           user_last_click_article_binetwork_sim   32248.163157
8                user_click_article_w2w_sim_sum_2   17706.291501
9    user_click_timestamp_created_at_ts_diff_mean   17264.360781
10                                     article_id   16752.750150
11    user_click_timestamp_created_at_ts_diff_std   16204.206132
12             user_click_last_article_click_time   16017.308990
13                                    words_count   15834.572200
14                                  created_at_ts   15151.246246
15                   user_click_datetime_hour_std   14198.734453
16                        user_id_category_id_cnt   13656.345167
17               user_last_click_words_count_diff   13387.633665
18                        user_id_click_diff_mean   12906.040402
19          user_clicked_article_words_count_mean   12888.896774
20  user_id_click_article_created_at_ts_diff_mean   12617.288447
21                                        user_id   11829.108216
22            user_click_last_article_words_count   10818.785320
23           user_clicked_article_click_time_mean   10783.037026
24           user_click_last_article_created_time    8622.430678
25          user_clicked_article_created_time_max    8244.407217
26                                    user_id_cnt    6778.777393
27                                    category_id    5597.359734
2026-03-04 01:12:41,790 - /root/tianchi-news-recommendation/code/rank_lgb.py[line:156] - DEBUG: df_oof.head:    user_id  article_id  label      pred
1        8       50644    1.0  0.109371
2        8      205824    0.0  0.090694
0        8      209122    0.0  0.087636
3        8       36162    0.0  0.069138
9        8      211442    0.0  0.050908
2026-03-04 01:12:59,334 - /root/tianchi-news-recommendation/code/rank_lgb.py[line:162] - DEBUG: 0.4420239455511948, 0.2692922317717487, 0.5761339361120771, 0.2872831841763624, 0.6867454915793134, 0.2950788422556203, 0.7596254160663719, 0.2977604172298434, 0.771970788414725, 0.29803508465115147
